#
# There is insufficient memory for the Java Runtime Environment to continue.
# Native memory allocation (mmap) failed to map 568328192 bytes for Failed to commit area from 0x0000000736f00000 to 0x0000000758d00000 of length 568328192.
# Possible reasons:
#   The system is out of physical RAM or swap space
#   The process is running with CompressedOops enabled, and the Java Heap may be blocking the growth of the native heap
# Possible solutions:
#   Reduce memory load on the system
#   Increase physical memory or swap space
#   Check if swap backing store is full
#   Decrease Java heap size (-Xmx/-Xms)
#   Decrease number of Java threads
#   Decrease Java thread stack sizes (-Xss)
#   Set larger code cache with -XX:ReservedCodeCacheSize=
#   JVM is running with Zero Based Compressed Oops mode in which the Java heap is
#     placed in the first 32GB address space. The Java Heap base address is the
#     maximum limit for the native heap growth. Please use -XX:HeapBaseMinAddress
#     to set the Java Heap base and to place the Java Heap above 32GB virtual address.
# This output file may be truncated or incomplete.
#
#  Out of Memory Error (c:/BuildAgent/work/5ff2f6c26000d570/src/hotspot/os/windows/os_windows.cpp:3281), pid=15216, tid=4288
#
# JRE version: OpenJDK Runtime Environment (11.0.4+10) (build 11.0.4+10-b304.77)
# Java VM: OpenJDK 64-Bit Server VM (11.0.4+10-b304.77, mixed mode, sharing, tiered, compressed oops, g1 gc, windows-amd64)
# No core dump will be written. Minidumps are not enabled by default on client versions of Windows
#

---------------  S U M M A R Y ------------

Command Line: -javaagent:D:\IntelliJ IDEA 2019.2.4\lib\idea_rt.jar=50093:D:\IntelliJ IDEA 2019.2.4\bin -Dfile.encoding=UTF-8 ustc.nodb.main.CLUGPOptMain

Host: AMD Ryzen 7 5800H with Radeon Graphics         , 16 cores, 13G,  Windows 10 , 64 bit Build 19041 (10.0.19041.3636)
Time: Mon Mar 25 20:12:44 2024 中国标准时间 elapsed time: 4 seconds (0d 0h 0m 4s)

---------------  T H R E A D  ---------------

Current thread (0x000001dab2b71800):  VMThread "VM Thread" [stack: 0x00000072d4f00000,0x00000072d5000000] [id=4288]

Stack: [0x00000072d4f00000,0x00000072d5000000]
[error occurred during error reporting (printing stack bounds), id 0xc0000005, EXCEPTION_ACCESS_VIOLATION (0xc0000005) at pc=0x000001da975a0bad]

Native frames: (J=compiled Java code, j=interpreted, Vv=VM code, C=native code)
V  [jvm.dll+0x5db31a]
V  [jvm.dll+0x70c395]
V  [jvm.dll+0x70d8b8]
V  [jvm.dll+0x70dee5]
V  [jvm.dll+0x70de9b]
V  [jvm.dll+0x5daa98]
V  [jvm.dll+0x5daf08]
C  [ntdll.dll+0xa23af]
C  [ntdll.dll+0x514b4]
C  [ntdll.dll+0xa0ebe]
C  0x000001da975a0bad

VM_Operation (0x00000072d49fe920): G1CollectForAllocation, mode: safepoint, requested by thread 0x000001da936e4800


---------------  P R O C E S S  ---------------

Threads class SMR info:
_java_thread_list=0x000001dab2f1a080, length=16, elements={
0x000001da936e4800, 0x000001dab2b76000, 0x000001dab2b79800, 0x000001dab2b99000,
0x000001dab2b9a000, 0x000001dab2b9b000, 0x000001dab2ba0800, 0x000001dab2baa800,
0x000001dab2358000, 0x000001dab2ceb800, 0x000001dab2cf7800, 0x000001dab2d2d000,
0x000001dab2ec6800, 0x000001dab2f0b800, 0x000001dab2fff800, 0x000001dab3000800
}

Java Threads: ( => current thread )
  0x000001da936e4800 JavaThread "main" [_thread_blocked, id=7288, stack(0x00000072d4900000,0x00000072d4a00000)]
  0x000001dab2b76000 JavaThread "Reference Handler" daemon [_thread_blocked, id=21144, stack(0x00000072d5000000,0x00000072d5100000)]
  0x000001dab2b79800 JavaThread "Finalizer" daemon [_thread_blocked, id=17808, stack(0x00000072d5100000,0x00000072d5200000)]
  0x000001dab2b99000 JavaThread "Signal Dispatcher" daemon [_thread_blocked, id=8100, stack(0x00000072d5200000,0x00000072d5300000)]
  0x000001dab2b9a000 JavaThread "Attach Listener" daemon [_thread_blocked, id=8840, stack(0x00000072d5300000,0x00000072d5400000)]
  0x000001dab2b9b000 JavaThread "C2 CompilerThread0" daemon [_thread_blocked, id=17132, stack(0x00000072d5400000,0x00000072d5500000)]
  0x000001dab2ba0800 JavaThread "C1 CompilerThread0" daemon [_thread_blocked, id=8520, stack(0x00000072d5500000,0x00000072d5600000)]
  0x000001dab2baa800 JavaThread "Sweeper thread" daemon [_thread_blocked, id=16524, stack(0x00000072d5600000,0x00000072d5700000)]
  0x000001dab2358000 JavaThread "Common-Cleaner" daemon [_thread_blocked, id=5848, stack(0x00000072d5700000,0x00000072d5800000)]
  0x000001dab2ceb800 JavaThread "C1 CompilerThread1" daemon [_thread_blocked, id=7804, stack(0x00000072d5800000,0x00000072d5900000)]
  0x000001dab2cf7800 JavaThread "C1 CompilerThread2" daemon [_thread_blocked, id=12856, stack(0x00000072d5900000,0x00000072d5a00000)]
  0x000001dab2d2d000 JavaThread "C2 CompilerThread1" daemon [_thread_blocked, id=17516, stack(0x00000072d5a00000,0x00000072d5b00000)]
  0x000001dab2ec6800 JavaThread "Monitor Ctrl-Break" daemon [_thread_in_native, id=10424, stack(0x00000072d5b00000,0x00000072d5c00000)]
  0x000001dab2f0b800 JavaThread "Service Thread" daemon [_thread_blocked, id=21480, stack(0x00000072d5c00000,0x00000072d5d00000)]
  0x000001dab2fff800 JavaThread "C2 CompilerThread2" daemon [_thread_blocked, id=17788, stack(0x00000072d5e00000,0x00000072d5f00000)]
  0x000001dab3000800 JavaThread "C2 CompilerThread3" daemon [_thread_blocked, id=21320, stack(0x00000072d5f00000,0x00000072d6000000)]

Other Threads:
=>0x000001dab2b71800 VMThread "VM Thread" [stack: 0x00000072d4f00000,0x00000072d5000000] [id=4288]
  0x000001dab2f0e000 WatcherThread [stack: 0x00000072d5d00000,0x00000072d5e00000] [id=6192]
  0x000001da936fc800 GCTaskThread "GC Thread#0" [stack: 0x00000072d4a00000,0x00000072d4b00000] [id=10552]
  0x000001dab31cb000 GCTaskThread "GC Thread#1" [stack: 0x00000072d6100000,0x00000072d6200000] [id=19200]
  0x000001dab3521800 GCTaskThread "GC Thread#2" [stack: 0x00000072d6200000,0x00000072d6300000] [id=18680]
  0x000001dab351e000 GCTaskThread "GC Thread#3" [stack: 0x00000072d6300000,0x00000072d6400000] [id=17776]
  0x000001dab3520000 GCTaskThread "GC Thread#4" [stack: 0x00000072d6400000,0x00000072d6500000] [id=10508]
  0x000001dab4918800 GCTaskThread "GC Thread#5" [stack: 0x00000072d7000000,0x00000072d7100000] [id=18652]
  0x000001dab4917000 GCTaskThread "GC Thread#6" [stack: 0x00000072d7100000,0x00000072d7200000] [id=19388]
  0x000001dab4919000 GCTaskThread "GC Thread#7" [stack: 0x00000072d7200000,0x00000072d7300000] [id=18404]
  0x000001da9374c800 ConcurrentGCThread "G1 Main Marker" [stack: 0x00000072d4b00000,0x00000072d4c00000] [id=20888]
  0x000001da9374e000 ConcurrentGCThread "G1 Conc#0" [stack: 0x00000072d4c00000,0x00000072d4d00000] [id=17984]
  0x000001dab2206000 ConcurrentGCThread "G1 Refine#0" [stack: 0x00000072d4d00000,0x00000072d4e00000] [id=18692]
  0x000001dab31fc000 ConcurrentGCThread "G1 Refine#1" [stack: 0x00000072d6500000,0x00000072d6600000] [id=20928]
  0x000001dab31b6000 ConcurrentGCThread "G1 Refine#2" [stack: 0x00000072d6600000,0x00000072d6700000] [id=2260]
  0x000001dab351c000 ConcurrentGCThread "G1 Refine#3" [stack: 0x00000072d6700000,0x00000072d6800000] [id=21328]
  0x000001dab351d800 ConcurrentGCThread "G1 Refine#4" [stack: 0x00000072d6800000,0x00000072d6900000] [id=16084]
  0x000001dab351e800 ConcurrentGCThread "G1 Refine#5" [stack: 0x00000072d6900000,0x00000072d6a00000] [id=11520]
  0x000001dab3523000 ConcurrentGCThread "G1 Refine#6" [stack: 0x00000072d6a00000,0x00000072d6b00000] [id=20164]
  0x000001dab3522800 ConcurrentGCThread "G1 Refine#7" [stack: 0x00000072d6b00000,0x00000072d6c00000] [id=17728]
  0x000001dab351f800 ConcurrentGCThread "G1 Refine#8" [stack: 0x00000072d6c00000,0x00000072d6d00000] [id=20912]
  0x000001dab3521000 ConcurrentGCThread "G1 Refine#9" [stack: 0x00000072d6d00000,0x00000072d6e00000] [id=15264]
  0x000001dab351c800 ConcurrentGCThread "G1 Refine#10" [stack: 0x00000072d6e00000,0x00000072d6f00000] [id=17092]
  0x000001dab491a800 ConcurrentGCThread "G1 Refine#11" [stack: 0x00000072d6f00000,0x00000072d7000000] [id=19056]
  0x000001dab491a000 ConcurrentGCThread "G1 Refine#12" [stack: 0x00000072d6000000,0x00000072d6100000] [id=19940]
  0x000001dab2207000 ConcurrentGCThread "G1 Young RemSet Sampling" [stack: 0x00000072d4e00000,0x00000072d4f00000] [id=21016]

Threads with active compile tasks:
C2 CompilerThread0 436 %     4       ustc.nodb.cluster.EdgeStreamCluster::startSteamCluster @ 15 (1297 bytes)

VM state:at safepoint (normal execution)

VM Mutex/Monitor currently owned by a thread:  ([mutex/lock_event])
[0x000001da936e2f60] Threads_lock - owner thread: 0x000001dab2b71800
[0x000001da936e2780] Heap_lock - owner thread: 0x000001da936e4800

Heap address: 0x0000000722000000, size: 3552 MB, Compressed Oops mode: Zero based, Oop shift amount: 3
Narrow klass base: 0x0000000800000000, Narrow klass shift: 3
Compressed class space size: 1073741824 Address: 0x0000000840000000

Heap:
 garbage-first heap   total 898048K, used 91459K [0x0000000722000000, 0x0000000800000000)
  region size 1024K, 11 young (11264K), 11 survivors (11264K)
 Metaspace       used 1298K, capacity 4692K, committed 4864K, reserved 1056768K
  class space    used 105K, capacity 413K, committed 512K, reserved 1048576K
Heap Regions: E=young(eden), S=young(survivor), O=old, HS=humongous(starts), HC=humongous(continues), CS=collection set, F=free, A=archive, TAMS=top-at-mark-start (previous, next)
|   0|0x0000000722000000, 0x0000000722100000, 0x0000000722100000|100%| O|  |TAMS 0x0000000722000000, 0x0000000722000000| Untracked 
|   1|0x0000000722100000, 0x0000000722200000, 0x0000000722200000|100%| O|  |TAMS 0x0000000722100000, 0x0000000722100000| Untracked 
|   2|0x0000000722200000, 0x0000000722300000, 0x0000000722300000|100%| O|  |TAMS 0x0000000722200000, 0x0000000722200000| Untracked 
|   3|0x0000000722300000, 0x0000000722400000, 0x0000000722400000|100%|HS|  |TAMS 0x0000000722300000, 0x0000000722300000| Complete 
|   4|0x0000000722400000, 0x0000000722500000, 0x0000000722500000|100%|HS|  |TAMS 0x0000000722400000, 0x0000000722400000| Complete 
|   5|0x0000000722500000, 0x0000000722600000, 0x0000000722600000|100%|HS|  |TAMS 0x0000000722500000, 0x0000000722500000| Complete 
|   6|0x0000000722600000, 0x0000000722700000, 0x0000000722700000|100%|HS|  |TAMS 0x0000000722600000, 0x0000000722600000| Complete 
|   7|0x0000000722700000, 0x0000000722800000, 0x0000000722800000|100%|HS|  |TAMS 0x0000000722700000, 0x0000000722700000| Complete 
|   8|0x0000000722800000, 0x0000000722900000, 0x0000000722900000|100%|HC|  |TAMS 0x0000000722800000, 0x0000000722800000| Complete 
|   9|0x0000000722900000, 0x0000000722a00000, 0x0000000722a00000|100%| O|  |TAMS 0x0000000722900000, 0x0000000722900000| Untracked 
|  10|0x0000000722a00000, 0x0000000722b00000, 0x0000000722b00000|100%| O|  |TAMS 0x0000000722a00000, 0x0000000722a00000| Untracked 
|  11|0x0000000722b00000, 0x0000000722c00000, 0x0000000722c00000|100%| O|  |TAMS 0x0000000722b00000, 0x0000000722b00000| Untracked 
|  12|0x0000000722c00000, 0x0000000722d00000, 0x0000000722d00000|100%| O|  |TAMS 0x0000000722c00000, 0x0000000722c00000| Untracked 
|  13|0x0000000722d00000, 0x0000000722e00000, 0x0000000722e00000|100%| O|  |TAMS 0x0000000722d00000, 0x0000000722d00000| Untracked 
|  14|0x0000000722e00000, 0x0000000722f00000, 0x0000000722f00000|100%| O|  |TAMS 0x0000000722e00000, 0x0000000722e00000| Untracked 
|  15|0x0000000722f00000, 0x0000000723000000, 0x0000000723000000|100%| O|  |TAMS 0x0000000722f00000, 0x0000000722f00000| Untracked 
|  16|0x0000000723000000, 0x0000000723100000, 0x0000000723100000|100%| O|  |TAMS 0x0000000723000000, 0x0000000723000000| Untracked 
|  17|0x0000000723100000, 0x0000000723200000, 0x0000000723200000|100%| O|  |TAMS 0x0000000723100000, 0x0000000723100000| Untracked 
|  18|0x0000000723200000, 0x0000000723300000, 0x0000000723300000|100%| O|  |TAMS 0x0000000723200000, 0x0000000723200000| Untracked 
|  19|0x0000000723300000, 0x0000000723400000, 0x0000000723400000|100%| O|  |TAMS 0x0000000723300000, 0x0000000723300000| Untracked 
|  20|0x0000000723400000, 0x0000000723500000, 0x0000000723500000|100%| O|  |TAMS 0x0000000723400000, 0x0000000723400000| Untracked 
|  21|0x0000000723500000, 0x0000000723600000, 0x0000000723600000|100%| O|  |TAMS 0x0000000723500000, 0x0000000723500000| Untracked 
|  22|0x0000000723600000, 0x0000000723700000, 0x0000000723700000|100%| O|  |TAMS 0x0000000723600000, 0x0000000723600000| Untracked 
|  23|0x0000000723700000, 0x0000000723800000, 0x0000000723800000|100%| O|  |TAMS 0x0000000723700000, 0x0000000723700000| Untracked 
|  24|0x0000000723800000, 0x0000000723900000, 0x0000000723900000|100%|HS|  |TAMS 0x0000000723800000, 0x0000000723800000| Complete 
|  25|0x0000000723900000, 0x0000000723a00000, 0x0000000723a00000|100%|HC|  |TAMS 0x0000000723900000, 0x0000000723900000| Complete 
|  26|0x0000000723a00000, 0x0000000723b00000, 0x0000000723b00000|100%|HC|  |TAMS 0x0000000723a00000, 0x0000000723a00000| Complete 
|  27|0x0000000723b00000, 0x0000000723c00000, 0x0000000723c00000|100%|HS|  |TAMS 0x0000000723b00000, 0x0000000723b00000| Complete 
|  28|0x0000000723c00000, 0x0000000723d00000, 0x0000000723d00000|100%|HC|  |TAMS 0x0000000723c00000, 0x0000000723c00000| Complete 
|  29|0x0000000723d00000, 0x0000000723e00000, 0x0000000723e00000|100%|HC|  |TAMS 0x0000000723d00000, 0x0000000723d00000| Complete 
|  30|0x0000000723e00000, 0x0000000723f00000, 0x0000000723f00000|100%|HC|  |TAMS 0x0000000723e00000, 0x0000000723e00000| Complete 
|  31|0x0000000723f00000, 0x0000000724000000, 0x0000000724000000|100%| O|  |TAMS 0x0000000723f00000, 0x0000000723f00000| Untracked 
|  32|0x0000000724000000, 0x0000000724100000, 0x0000000724100000|100%| O|  |TAMS 0x0000000724000000, 0x0000000724000000| Untracked 
|  33|0x0000000724100000, 0x0000000724200000, 0x0000000724200000|100%|HS|  |TAMS 0x0000000724100000, 0x0000000724100000| Complete 
|  34|0x0000000724200000, 0x0000000724300000, 0x0000000724300000|100%|HC|  |TAMS 0x0000000724200000, 0x0000000724200000| Complete 
|  35|0x0000000724300000, 0x0000000724400000, 0x0000000724400000|100%|HS|  |TAMS 0x0000000724300000, 0x0000000724300000| Complete 
|  36|0x0000000724400000, 0x0000000724500000, 0x0000000724500000|100%|HC|  |TAMS 0x0000000724400000, 0x0000000724400000| Complete 
|  37|0x0000000724500000, 0x0000000724600000, 0x0000000724600000|100%| O|  |TAMS 0x0000000724500000, 0x0000000724500000| Untracked 
|  38|0x0000000724600000, 0x0000000724700000, 0x0000000724700000|100%| O|  |TAMS 0x0000000724600000, 0x0000000724600000| Untracked 
|  39|0x0000000724700000, 0x0000000724800000, 0x0000000724800000|100%| O|  |TAMS 0x0000000724700000, 0x0000000724700000| Untracked 
|  40|0x0000000724800000, 0x0000000724900000, 0x0000000724900000|100%| O|  |TAMS 0x0000000724800000, 0x0000000724800000| Untracked 
|  41|0x0000000724900000, 0x0000000724a00000, 0x0000000724a00000|100%| O|  |TAMS 0x0000000724900000, 0x0000000724900000| Untracked 
|  42|0x0000000724a00000, 0x0000000724b00000, 0x0000000724b00000|100%| O|  |TAMS 0x0000000724a00000, 0x0000000724a00000| Untracked 
|  43|0x0000000724b00000, 0x0000000724c00000, 0x0000000724c00000|100%| O|  |TAMS 0x0000000724b00000, 0x0000000724b00000| Untracked 
|  44|0x0000000724c00000, 0x0000000724d00000, 0x0000000724d00000|100%| O|  |TAMS 0x0000000724c00000, 0x0000000724c00000| Untracked 
|  45|0x0000000724d00000, 0x0000000724e00000, 0x0000000724e00000|100%| O|  |TAMS 0x0000000724d00000, 0x0000000724d00000| Untracked 
|  46|0x0000000724e00000, 0x0000000724f00000, 0x0000000724f00000|100%| O|  |TAMS 0x0000000724e00000, 0x0000000724e00000| Untracked 
|  47|0x0000000724f00000, 0x0000000725000000, 0x0000000725000000|100%| O|  |TAMS 0x0000000724f00000, 0x0000000724f00000| Untracked 
|  48|0x0000000725000000, 0x0000000725100000, 0x0000000725100000|100%| O|  |TAMS 0x0000000725000000, 0x0000000725000000| Untracked 
|  49|0x0000000725100000, 0x0000000725200000, 0x0000000725200000|100%| O|  |TAMS 0x0000000725100000, 0x0000000725100000| Untracked 
|  50|0x0000000725200000, 0x0000000725300000, 0x0000000725300000|100%|HS|  |TAMS 0x0000000725200000, 0x0000000725200000| Complete 
|  51|0x0000000725300000, 0x0000000725400000, 0x0000000725400000|100%|HC|  |TAMS 0x0000000725300000, 0x0000000725300000| Complete 
|  52|0x0000000725400000, 0x0000000725500000, 0x0000000725500000|100%|HC|  |TAMS 0x0000000725400000, 0x0000000725400000| Complete 
|  53|0x0000000725500000, 0x0000000725600000, 0x0000000725600000|100%|HC|  |TAMS 0x0000000725500000, 0x0000000725500000| Complete 
|  54|0x0000000725600000, 0x0000000725700000, 0x0000000725700000|100%|HC|  |TAMS 0x0000000725600000, 0x0000000725600000| Complete 
|  55|0x0000000725700000, 0x0000000725800000, 0x0000000725800000|100%|HS|  |TAMS 0x0000000725700000, 0x0000000725700000| Complete 
|  56|0x0000000725800000, 0x0000000725900000, 0x0000000725900000|100%| O|  |TAMS 0x0000000725800000, 0x0000000725800000| Untracked 
|  57|0x0000000725900000, 0x0000000725a00000, 0x0000000725a00000|100%| O|  |TAMS 0x0000000725900000, 0x0000000725900000| Untracked 
|  58|0x0000000725a00000, 0x0000000725b00000, 0x0000000725b00000|100%| O|  |TAMS 0x0000000725a00000, 0x0000000725a00000| Untracked 
|  59|0x0000000725b00000, 0x0000000725c00000, 0x0000000725c00000|100%| O|  |TAMS 0x0000000725b00000, 0x0000000725b00000| Untracked 
|  60|0x0000000725c00000, 0x0000000725d00000, 0x0000000725d00000|100%| O|  |TAMS 0x0000000725c00000, 0x0000000725c00000| Untracked 
|  61|0x0000000725d00000, 0x0000000725e00000, 0x0000000725e00000|100%| O|  |TAMS 0x0000000725d00000, 0x0000000725d00000| Untracked 
|  62|0x0000000725e00000, 0x0000000725f00000, 0x0000000725f00000|100%| O|  |TAMS 0x0000000725e00000, 0x0000000725e00000| Untracked 
|  63|0x0000000725f00000, 0x0000000726000000, 0x0000000726000000|100%|HS|  |TAMS 0x0000000725f00000, 0x0000000725f00000| Complete 
|  64|0x0000000726000000, 0x0000000726100000, 0x0000000726100000|100%|HC|  |TAMS 0x0000000726000000, 0x0000000726000000| Complete 
|  65|0x0000000726100000, 0x0000000726200000, 0x0000000726200000|100%|HC|  |TAMS 0x0000000726100000, 0x0000000726100000| Complete 
|  66|0x0000000726200000, 0x0000000726300000, 0x0000000726300000|100%|HC|  |TAMS 0x0000000726200000, 0x0000000726200000| Complete 
|  67|0x0000000726300000, 0x0000000726400000, 0x0000000726400000|100%|HC|  |TAMS 0x0000000726300000, 0x0000000726300000| Complete 
|  68|0x0000000726400000, 0x0000000726500000, 0x0000000726500000|100%|HC|  |TAMS 0x0000000726400000, 0x0000000726400000| Complete 
|  69|0x0000000726500000, 0x0000000726600000, 0x0000000726600000|100%|HC|  |TAMS 0x0000000726500000, 0x0000000726500000| Complete 
|  70|0x0000000726600000, 0x0000000726700000, 0x0000000726700000|100%| O|  |TAMS 0x0000000726600000, 0x0000000726600000| Untracked 
|  71|0x0000000726700000, 0x0000000726800000, 0x0000000726800000|100%| O|  |TAMS 0x0000000726700000, 0x0000000726700000| Untracked 
|  72|0x0000000726800000, 0x0000000726900000, 0x0000000726900000|100%| O|  |TAMS 0x0000000726800000, 0x0000000726800000| Untracked 
|  73|0x0000000726900000, 0x0000000726a00000, 0x0000000726a00000|100%| O|  |TAMS 0x0000000726900000, 0x0000000726900000| Untracked 
|  74|0x0000000726a00000, 0x0000000726b00000, 0x0000000726b00000|100%| O|  |TAMS 0x0000000726a00000, 0x0000000726a00000| Untracked 
|  75|0x0000000726b00000, 0x0000000726c00000, 0x0000000726c00000|100%| O|  |TAMS 0x0000000726b00000, 0x0000000726b00000| Untracked 
|  76|0x0000000726c00000, 0x0000000726d00000, 0x0000000726d00000|100%| O|  |TAMS 0x0000000726c00000, 0x0000000726c00000| Untracked 
|  77|0x0000000726d00000, 0x0000000726e00000, 0x0000000726e00000|100%| O|  |TAMS 0x0000000726d00000, 0x0000000726d00000| Untracked 
|  78|0x0000000726e00000, 0x0000000726e50c00, 0x0000000726f00000| 31%| O|  |TAMS 0x0000000726e00000, 0x0000000726e00000| Untracked 
|  79|0x0000000726f00000, 0x0000000726f00000, 0x0000000727000000|  0%| F|  |TAMS 0x0000000726f00000, 0x0000000726f00000| Untracked 
|  80|0x0000000727000000, 0x0000000727000000, 0x0000000727100000|  0%| F|  |TAMS 0x0000000727000000, 0x0000000727000000| Untracked 
|  81|0x0000000727100000, 0x0000000727100000, 0x0000000727200000|  0%| F|  |TAMS 0x0000000727100000, 0x0000000727100000| Untracked 
|  82|0x0000000727200000, 0x0000000727200000, 0x0000000727300000|  0%| F|  |TAMS 0x0000000727200000, 0x0000000727200000| Untracked 
|  83|0x0000000727300000, 0x0000000727300000, 0x0000000727400000|  0%| F|  |TAMS 0x0000000727300000, 0x0000000727300000| Untracked 
|  84|0x0000000727400000, 0x0000000727400000, 0x0000000727500000|  0%| F|  |TAMS 0x0000000727400000, 0x0000000727400000| Untracked 
|  85|0x0000000727500000, 0x0000000727500000, 0x0000000727600000|  0%| F|  |TAMS 0x0000000727500000, 0x0000000727500000| Untracked 
|  86|0x0000000727600000, 0x0000000727600000, 0x0000000727700000|  0%| F|  |TAMS 0x0000000727600000, 0x0000000727600000| Untracked 
|  87|0x0000000727700000, 0x0000000727700000, 0x0000000727800000|  0%| F|  |TAMS 0x0000000727700000, 0x0000000727700000| Untracked 
|  88|0x0000000727800000, 0x0000000727800000, 0x0000000727900000|  0%| F|  |TAMS 0x0000000727800000, 0x0000000727800000| Untracked 
|  89|0x0000000727900000, 0x0000000727900000, 0x0000000727a00000|  0%| F|  |TAMS 0x0000000727900000, 0x0000000727900000| Untracked 
|  90|0x0000000727a00000, 0x0000000727a00000, 0x0000000727b00000|  0%| F|  |TAMS 0x0000000727a00000, 0x0000000727a00000| Untracked 
|  91|0x0000000727b00000, 0x0000000727b00000, 0x0000000727c00000|  0%| F|  |TAMS 0x0000000727b00000, 0x0000000727b00000| Untracked 
|  92|0x0000000727c00000, 0x0000000727c00000, 0x0000000727d00000|  0%| F|  |TAMS 0x0000000727c00000, 0x0000000727c00000| Untracked 
|  93|0x0000000727d00000, 0x0000000727d00000, 0x0000000727e00000|  0%| F|  |TAMS 0x0000000727d00000, 0x0000000727d00000| Untracked 
|  94|0x0000000727e00000, 0x0000000727e00000, 0x0000000727f00000|  0%| F|  |TAMS 0x0000000727e00000, 0x0000000727e00000| Untracked 
|  95|0x0000000727f00000, 0x0000000727f00000, 0x0000000728000000|  0%| F|  |TAMS 0x0000000727f00000, 0x0000000727f00000| Untracked 
|  96|0x0000000728000000, 0x0000000728000000, 0x0000000728100000|  0%| F|  |TAMS 0x0000000728000000, 0x0000000728000000| Untracked 
|  97|0x0000000728100000, 0x0000000728100000, 0x0000000728200000|  0%| F|  |TAMS 0x0000000728100000, 0x0000000728100000| Untracked 
|  98|0x0000000728200000, 0x0000000728200000, 0x0000000728300000|  0%| F|  |TAMS 0x0000000728200000, 0x0000000728200000| Untracked 
|  99|0x0000000728300000, 0x0000000728300000, 0x0000000728400000|  0%| F|  |TAMS 0x0000000728300000, 0x0000000728300000| Untracked 
| 100|0x0000000728400000, 0x0000000728400000, 0x0000000728500000|  0%| F|  |TAMS 0x0000000728400000, 0x0000000728400000| Untracked 
| 101|0x0000000728500000, 0x0000000728500000, 0x0000000728600000|  0%| F|  |TAMS 0x0000000728500000, 0x0000000728500000| Untracked 
| 102|0x0000000728600000, 0x0000000728600000, 0x0000000728700000|  0%| F|  |TAMS 0x0000000728600000, 0x0000000728600000| Untracked 
| 103|0x0000000728700000, 0x0000000728700000, 0x0000000728800000|  0%| F|  |TAMS 0x0000000728700000, 0x0000000728700000| Untracked 
| 104|0x0000000728800000, 0x0000000728800000, 0x0000000728900000|  0%| F|  |TAMS 0x0000000728800000, 0x0000000728800000| Untracked 
| 105|0x0000000728900000, 0x0000000728900000, 0x0000000728a00000|  0%| F|  |TAMS 0x0000000728900000, 0x0000000728900000| Untracked 
| 106|0x0000000728a00000, 0x0000000728a00000, 0x0000000728b00000|  0%| F|  |TAMS 0x0000000728a00000, 0x0000000728a00000| Untracked 
| 107|0x0000000728b00000, 0x0000000728b00000, 0x0000000728c00000|  0%| F|  |TAMS 0x0000000728b00000, 0x0000000728b00000| Untracked 
| 108|0x0000000728c00000, 0x0000000728c00000, 0x0000000728d00000|  0%| F|  |TAMS 0x0000000728c00000, 0x0000000728c00000| Untracked 
| 109|0x0000000728d00000, 0x0000000728d00000, 0x0000000728e00000|  0%| F|  |TAMS 0x0000000728d00000, 0x0000000728d00000| Untracked 
| 110|0x0000000728e00000, 0x0000000728e00000, 0x0000000728f00000|  0%| F|  |TAMS 0x0000000728e00000, 0x0000000728e00000| Untracked 
| 111|0x0000000728f00000, 0x0000000728f00000, 0x0000000729000000|  0%| F|  |TAMS 0x0000000728f00000, 0x0000000728f00000| Untracked 
| 112|0x0000000729000000, 0x0000000729000000, 0x0000000729100000|  0%| F|  |TAMS 0x0000000729000000, 0x0000000729000000| Untracked 
| 113|0x0000000729100000, 0x0000000729100000, 0x0000000729200000|  0%| F|  |TAMS 0x0000000729100000, 0x0000000729100000| Untracked 
| 114|0x0000000729200000, 0x0000000729200000, 0x0000000729300000|  0%| F|  |TAMS 0x0000000729200000, 0x0000000729200000| Untracked 
| 115|0x0000000729300000, 0x0000000729300000, 0x0000000729400000|  0%| F|  |TAMS 0x0000000729300000, 0x0000000729300000| Untracked 
| 116|0x0000000729400000, 0x0000000729400000, 0x0000000729500000|  0%| F|  |TAMS 0x0000000729400000, 0x0000000729400000| Untracked 
| 117|0x0000000729500000, 0x0000000729500000, 0x0000000729600000|  0%| F|  |TAMS 0x0000000729500000, 0x0000000729500000| Untracked 
| 118|0x0000000729600000, 0x0000000729600000, 0x0000000729700000|  0%| F|  |TAMS 0x0000000729600000, 0x0000000729600000| Untracked 
| 119|0x0000000729700000, 0x0000000729700000, 0x0000000729800000|  0%| F|  |TAMS 0x0000000729700000, 0x0000000729700000| Untracked 
| 120|0x0000000729800000, 0x0000000729800000, 0x0000000729900000|  0%| F|  |TAMS 0x0000000729800000, 0x0000000729800000| Untracked 
| 121|0x0000000729900000, 0x0000000729900000, 0x0000000729a00000|  0%| F|  |TAMS 0x0000000729900000, 0x0000000729900000| Untracked 
| 122|0x0000000729a00000, 0x0000000729a00000, 0x0000000729b00000|  0%| F|  |TAMS 0x0000000729a00000, 0x0000000729a00000| Untracked 
| 123|0x0000000729b00000, 0x0000000729b00000, 0x0000000729c00000|  0%| F|  |TAMS 0x0000000729b00000, 0x0000000729b00000| Untracked 
| 124|0x0000000729c00000, 0x0000000729c00000, 0x0000000729d00000|  0%| F|  |TAMS 0x0000000729c00000, 0x0000000729c00000| Untracked 
| 125|0x0000000729d00000, 0x0000000729d00000, 0x0000000729e00000|  0%| F|  |TAMS 0x0000000729d00000, 0x0000000729d00000| Untracked 
| 126|0x0000000729e00000, 0x0000000729e00000, 0x0000000729f00000|  0%| F|  |TAMS 0x0000000729e00000, 0x0000000729e00000| Untracked 
| 127|0x0000000729f00000, 0x0000000729f00000, 0x000000072a000000|  0%| F|  |TAMS 0x0000000729f00000, 0x0000000729f00000| Untracked 
| 128|0x000000072a000000, 0x000000072a000000, 0x000000072a100000|  0%| F|  |TAMS 0x000000072a000000, 0x000000072a000000| Untracked 
| 129|0x000000072a100000, 0x000000072a100000, 0x000000072a200000|  0%| F|  |TAMS 0x000000072a100000, 0x000000072a100000| Untracked 
| 130|0x000000072a200000, 0x000000072a200000, 0x000000072a300000|  0%| F|  |TAMS 0x000000072a200000, 0x000000072a200000| Untracked 
| 131|0x000000072a300000, 0x000000072a300000, 0x000000072a400000|  0%| F|  |TAMS 0x000000072a300000, 0x000000072a300000| Untracked 
| 132|0x000000072a400000, 0x000000072a400000, 0x000000072a500000|  0%| F|  |TAMS 0x000000072a400000, 0x000000072a400000| Untracked 
| 133|0x000000072a500000, 0x000000072a500000, 0x000000072a600000|  0%| F|  |TAMS 0x000000072a500000, 0x000000072a500000| Untracked 
| 134|0x000000072a600000, 0x000000072a600000, 0x000000072a700000|  0%| F|  |TAMS 0x000000072a600000, 0x000000072a600000| Untracked 
| 135|0x000000072a700000, 0x000000072a700000, 0x000000072a800000|  0%| F|  |TAMS 0x000000072a700000, 0x000000072a700000| Untracked 
| 136|0x000000072a800000, 0x000000072a800000, 0x000000072a900000|  0%| F|  |TAMS 0x000000072a800000, 0x000000072a800000| Untracked 
| 137|0x000000072a900000, 0x000000072a900000, 0x000000072aa00000|  0%| F|  |TAMS 0x000000072a900000, 0x000000072a900000| Untracked 
| 138|0x000000072aa00000, 0x000000072aa00000, 0x000000072ab00000|  0%| F|  |TAMS 0x000000072aa00000, 0x000000072aa00000| Untracked 
| 139|0x000000072ab00000, 0x000000072ab00000, 0x000000072ac00000|  0%| F|  |TAMS 0x000000072ab00000, 0x000000072ab00000| Untracked 
| 140|0x000000072ac00000, 0x000000072ac00000, 0x000000072ad00000|  0%| F|  |TAMS 0x000000072ac00000, 0x000000072ac00000| Untracked 
| 141|0x000000072ad00000, 0x000000072ad00000, 0x000000072ae00000|  0%| F|  |TAMS 0x000000072ad00000, 0x000000072ad00000| Untracked 
| 142|0x000000072ae00000, 0x000000072ae00000, 0x000000072af00000|  0%| F|  |TAMS 0x000000072ae00000, 0x000000072ae00000| Untracked 
| 143|0x000000072af00000, 0x000000072af00000, 0x000000072b000000|  0%| F|  |TAMS 0x000000072af00000, 0x000000072af00000| Untracked 
| 144|0x000000072b000000, 0x000000072b000000, 0x000000072b100000|  0%| F|  |TAMS 0x000000072b000000, 0x000000072b000000| Untracked 
| 145|0x000000072b100000, 0x000000072b100000, 0x000000072b200000|  0%| F|  |TAMS 0x000000072b100000, 0x000000072b100000| Untracked 
| 146|0x000000072b200000, 0x000000072b200000, 0x000000072b300000|  0%| F|  |TAMS 0x000000072b200000, 0x000000072b200000| Untracked 
| 147|0x000000072b300000, 0x000000072b300000, 0x000000072b400000|  0%| F|  |TAMS 0x000000072b300000, 0x000000072b300000| Untracked 
| 148|0x000000072b400000, 0x000000072b400000, 0x000000072b500000|  0%| F|  |TAMS 0x000000072b400000, 0x000000072b400000| Untracked 
| 149|0x000000072b500000, 0x000000072b500000, 0x000000072b600000|  0%| F|  |TAMS 0x000000072b500000, 0x000000072b500000| Untracked 
| 150|0x000000072b600000, 0x000000072b600000, 0x000000072b700000|  0%| F|  |TAMS 0x000000072b600000, 0x000000072b600000| Untracked 
| 151|0x000000072b700000, 0x000000072b700000, 0x000000072b800000|  0%| F|  |TAMS 0x000000072b700000, 0x000000072b700000| Untracked 
| 152|0x000000072b800000, 0x000000072b800000, 0x000000072b900000|  0%| F|  |TAMS 0x000000072b800000, 0x000000072b800000| Untracked 
| 153|0x000000072b900000, 0x000000072b900000, 0x000000072ba00000|  0%| F|  |TAMS 0x000000072b900000, 0x000000072b900000| Untracked 
| 154|0x000000072ba00000, 0x000000072ba00000, 0x000000072bb00000|  0%| F|  |TAMS 0x000000072ba00000, 0x000000072ba00000| Untracked 
| 155|0x000000072bb00000, 0x000000072bb00000, 0x000000072bc00000|  0%| F|  |TAMS 0x000000072bb00000, 0x000000072bb00000| Untracked 
| 156|0x000000072bc00000, 0x000000072bc00000, 0x000000072bd00000|  0%| F|  |TAMS 0x000000072bc00000, 0x000000072bc00000| Untracked 
| 157|0x000000072bd00000, 0x000000072bd00000, 0x000000072be00000|  0%| F|  |TAMS 0x000000072bd00000, 0x000000072bd00000| Untracked 
| 158|0x000000072be00000, 0x000000072be00000, 0x000000072bf00000|  0%| F|  |TAMS 0x000000072be00000, 0x000000072be00000| Untracked 
| 159|0x000000072bf00000, 0x000000072bf00000, 0x000000072c000000|  0%| F|  |TAMS 0x000000072bf00000, 0x000000072bf00000| Untracked 
| 160|0x000000072c000000, 0x000000072c000000, 0x000000072c100000|  0%| F|  |TAMS 0x000000072c000000, 0x000000072c000000| Untracked 
| 161|0x000000072c100000, 0x000000072c100000, 0x000000072c200000|  0%| F|  |TAMS 0x000000072c100000, 0x000000072c100000| Untracked 
| 162|0x000000072c200000, 0x000000072c200000, 0x000000072c300000|  0%| F|  |TAMS 0x000000072c200000, 0x000000072c200000| Untracked 
| 163|0x000000072c300000, 0x000000072c300000, 0x000000072c400000|  0%| F|  |TAMS 0x000000072c300000, 0x000000072c300000| Untracked 
| 164|0x000000072c400000, 0x000000072c400000, 0x000000072c500000|  0%| F|  |TAMS 0x000000072c400000, 0x000000072c400000| Untracked 
| 165|0x000000072c500000, 0x000000072c500000, 0x000000072c600000|  0%| F|  |TAMS 0x000000072c500000, 0x000000072c500000| Untracked 
| 166|0x000000072c600000, 0x000000072c600000, 0x000000072c700000|  0%| F|  |TAMS 0x000000072c600000, 0x000000072c600000| Untracked 
| 167|0x000000072c700000, 0x000000072c700000, 0x000000072c800000|  0%| F|  |TAMS 0x000000072c700000, 0x000000072c700000| Untracked 
| 168|0x000000072c800000, 0x000000072c800000, 0x000000072c900000|  0%| F|  |TAMS 0x000000072c800000, 0x000000072c800000| Untracked 
| 169|0x000000072c900000, 0x000000072c900000, 0x000000072ca00000|  0%| F|  |TAMS 0x000000072c900000, 0x000000072c900000| Untracked 
| 170|0x000000072ca00000, 0x000000072ca00000, 0x000000072cb00000|  0%| F|  |TAMS 0x000000072ca00000, 0x000000072ca00000| Untracked 
| 171|0x000000072cb00000, 0x000000072cb00000, 0x000000072cc00000|  0%| F|  |TAMS 0x000000072cb00000, 0x000000072cb00000| Untracked 
| 172|0x000000072cc00000, 0x000000072cc00000, 0x000000072cd00000|  0%| F|  |TAMS 0x000000072cc00000, 0x000000072cc00000| Untracked 
| 173|0x000000072cd00000, 0x000000072cd00000, 0x000000072ce00000|  0%| F|  |TAMS 0x000000072cd00000, 0x000000072cd00000| Untracked 
| 174|0x000000072ce00000, 0x000000072ce00000, 0x000000072cf00000|  0%| F|  |TAMS 0x000000072ce00000, 0x000000072ce00000| Untracked 
| 175|0x000000072cf00000, 0x000000072cf00000, 0x000000072d000000|  0%| F|  |TAMS 0x000000072cf00000, 0x000000072cf00000| Untracked 
| 176|0x000000072d000000, 0x000000072d000000, 0x000000072d100000|  0%| F|  |TAMS 0x000000072d000000, 0x000000072d000000| Untracked 
| 177|0x000000072d100000, 0x000000072d100000, 0x000000072d200000|  0%| F|  |TAMS 0x000000072d100000, 0x000000072d100000| Untracked 
| 178|0x000000072d200000, 0x000000072d200000, 0x000000072d300000|  0%| F|  |TAMS 0x000000072d200000, 0x000000072d200000| Untracked 
| 179|0x000000072d300000, 0x000000072d300000, 0x000000072d400000|  0%| F|  |TAMS 0x000000072d300000, 0x000000072d300000| Untracked 
| 180|0x000000072d400000, 0x000000072d400000, 0x000000072d500000|  0%| F|  |TAMS 0x000000072d400000, 0x000000072d400000| Untracked 
| 181|0x000000072d500000, 0x000000072d500000, 0x000000072d600000|  0%| F|  |TAMS 0x000000072d500000, 0x000000072d500000| Untracked 
| 182|0x000000072d600000, 0x000000072d600000, 0x000000072d700000|  0%| F|  |TAMS 0x000000072d600000, 0x000000072d600000| Untracked 
| 183|0x000000072d700000, 0x000000072d700000, 0x000000072d800000|  0%| F|  |TAMS 0x000000072d700000, 0x000000072d700000| Untracked 
| 184|0x000000072d800000, 0x000000072d800000, 0x000000072d900000|  0%| F|  |TAMS 0x000000072d800000, 0x000000072d800000| Untracked 
| 185|0x000000072d900000, 0x000000072d900000, 0x000000072da00000|  0%| F|  |TAMS 0x000000072d900000, 0x000000072d900000| Untracked 
| 186|0x000000072da00000, 0x000000072da00000, 0x000000072db00000|  0%| F|  |TAMS 0x000000072da00000, 0x000000072da00000| Untracked 
| 187|0x000000072db00000, 0x000000072db00000, 0x000000072dc00000|  0%| F|  |TAMS 0x000000072db00000, 0x000000072db00000| Untracked 
| 188|0x000000072dc00000, 0x000000072dc00000, 0x000000072dd00000|  0%| F|  |TAMS 0x000000072dc00000, 0x000000072dc00000| Untracked 
| 189|0x000000072dd00000, 0x000000072dd00000, 0x000000072de00000|  0%| F|  |TAMS 0x000000072dd00000, 0x000000072dd00000| Untracked 
| 190|0x000000072de00000, 0x000000072de00000, 0x000000072df00000|  0%| F|  |TAMS 0x000000072de00000, 0x000000072de00000| Untracked 
| 191|0x000000072df00000, 0x000000072df00000, 0x000000072e000000|  0%| F|  |TAMS 0x000000072df00000, 0x000000072df00000| Untracked 
| 192|0x000000072e000000, 0x000000072e000000, 0x000000072e100000|  0%| F|  |TAMS 0x000000072e000000, 0x000000072e000000| Untracked 
| 193|0x000000072e100000, 0x000000072e100000, 0x000000072e200000|  0%| F|  |TAMS 0x000000072e100000, 0x000000072e100000| Untracked 
| 194|0x000000072e200000, 0x000000072e200000, 0x000000072e300000|  0%| F|  |TAMS 0x000000072e200000, 0x000000072e200000| Untracked 
| 195|0x000000072e300000, 0x000000072e300000, 0x000000072e400000|  0%| F|  |TAMS 0x000000072e300000, 0x000000072e300000| Untracked 
| 196|0x000000072e400000, 0x000000072e400000, 0x000000072e500000|  0%| F|  |TAMS 0x000000072e400000, 0x000000072e400000| Untracked 
| 197|0x000000072e500000, 0x000000072e500000, 0x000000072e600000|  0%| F|  |TAMS 0x000000072e500000, 0x000000072e500000| Untracked 
| 198|0x000000072e600000, 0x000000072e600000, 0x000000072e700000|  0%| F|  |TAMS 0x000000072e600000, 0x000000072e600000| Untracked 
| 199|0x000000072e700000, 0x000000072e700000, 0x000000072e800000|  0%| F|  |TAMS 0x000000072e700000, 0x000000072e700000| Untracked 
| 200|0x000000072e800000, 0x000000072e800000, 0x000000072e900000|  0%| F|  |TAMS 0x000000072e800000, 0x000000072e800000| Untracked 
| 201|0x000000072e900000, 0x000000072e900000, 0x000000072ea00000|  0%| F|  |TAMS 0x000000072e900000, 0x000000072e900000| Untracked 
| 202|0x000000072ea00000, 0x000000072ea00000, 0x000000072eb00000|  0%| F|  |TAMS 0x000000072ea00000, 0x000000072ea00000| Untracked 
| 203|0x000000072eb00000, 0x000000072eb00000, 0x000000072ec00000|  0%| F|  |TAMS 0x000000072eb00000, 0x000000072eb00000| Untracked 
| 204|0x000000072ec00000, 0x000000072ec00000, 0x000000072ed00000|  0%| F|  |TAMS 0x000000072ec00000, 0x000000072ec00000| Untracked 
| 205|0x000000072ed00000, 0x000000072ed00000, 0x000000072ee00000|  0%| F|  |TAMS 0x000000072ed00000, 0x000000072ed00000| Untracked 
| 206|0x000000072ee00000, 0x000000072ee00000, 0x000000072ef00000|  0%| F|  |TAMS 0x000000072ee00000, 0x000000072ee00000| Untracked 
| 207|0x000000072ef00000, 0x000000072ef00000, 0x000000072f000000|  0%| F|  |TAMS 0x000000072ef00000, 0x000000072ef00000| Untracked 
| 208|0x000000072f000000, 0x000000072f000000, 0x000000072f100000|  0%| F|  |TAMS 0x000000072f000000, 0x000000072f000000| Untracked 
| 209|0x000000072f100000, 0x000000072f100000, 0x000000072f200000|  0%| F|  |TAMS 0x000000072f100000, 0x000000072f100000| Untracked 
| 210|0x000000072f200000, 0x000000072f200000, 0x000000072f300000|  0%| F|  |TAMS 0x000000072f200000, 0x000000072f200000| Untracked 
| 211|0x000000072f300000, 0x000000072f300000, 0x000000072f400000|  0%| F|  |TAMS 0x000000072f300000, 0x000000072f300000| Untracked 
| 212|0x000000072f400000, 0x000000072f400000, 0x000000072f500000|  0%| F|  |TAMS 0x000000072f400000, 0x000000072f400000| Untracked 
| 213|0x000000072f500000, 0x000000072f500000, 0x000000072f600000|  0%| F|  |TAMS 0x000000072f500000, 0x000000072f500000| Untracked 
| 214|0x000000072f600000, 0x000000072f600000, 0x000000072f700000|  0%| F|  |TAMS 0x000000072f600000, 0x000000072f600000| Untracked 
| 215|0x000000072f700000, 0x000000072f700000, 0x000000072f800000|  0%| F|  |TAMS 0x000000072f700000, 0x000000072f700000| Untracked 
| 216|0x000000072f800000, 0x000000072f800000, 0x000000072f900000|  0%| F|  |TAMS 0x000000072f800000, 0x000000072f800000| Untracked 
| 217|0x000000072f900000, 0x000000072f900000, 0x000000072fa00000|  0%| F|  |TAMS 0x000000072f900000, 0x000000072f900000| Untracked 
| 218|0x000000072fa00000, 0x000000072fa00000, 0x000000072fb00000|  0%| F|  |TAMS 0x000000072fa00000, 0x000000072fa00000| Untracked 
| 219|0x000000072fb00000, 0x000000072fb00000, 0x000000072fc00000|  0%| F|  |TAMS 0x000000072fb00000, 0x000000072fb00000| Untracked 
| 220|0x000000072fc00000, 0x000000072fc00000, 0x000000072fd00000|  0%| F|  |TAMS 0x000000072fc00000, 0x000000072fc00000| Untracked 
| 221|0x000000072fd00000, 0x000000072fd00000, 0x000000072fe00000|  0%| F|  |TAMS 0x000000072fd00000, 0x000000072fd00000| Untracked 
| 222|0x000000072fe00000, 0x000000072fe00000, 0x000000072ff00000|  0%| F|  |TAMS 0x000000072fe00000, 0x000000072fe00000| Untracked 
| 223|0x000000072ff00000, 0x000000072ff00000, 0x0000000730000000|  0%| F|  |TAMS 0x000000072ff00000, 0x000000072ff00000| Untracked 
| 224|0x0000000730000000, 0x0000000730000000, 0x0000000730100000|  0%| F|  |TAMS 0x0000000730000000, 0x0000000730000000| Untracked 
| 225|0x0000000730100000, 0x0000000730100000, 0x0000000730200000|  0%| F|  |TAMS 0x0000000730100000, 0x0000000730100000| Untracked 
| 226|0x0000000730200000, 0x0000000730200000, 0x0000000730300000|  0%| F|  |TAMS 0x0000000730200000, 0x0000000730200000| Untracked 
| 227|0x0000000730300000, 0x0000000730300000, 0x0000000730400000|  0%| F|  |TAMS 0x0000000730300000, 0x0000000730300000| Untracked 
| 228|0x0000000730400000, 0x0000000730400000, 0x0000000730500000|  0%| F|  |TAMS 0x0000000730400000, 0x0000000730400000| Untracked 
| 229|0x0000000730500000, 0x0000000730500000, 0x0000000730600000|  0%| F|  |TAMS 0x0000000730500000, 0x0000000730500000| Untracked 
| 230|0x0000000730600000, 0x0000000730600000, 0x0000000730700000|  0%| F|  |TAMS 0x0000000730600000, 0x0000000730600000| Untracked 
| 231|0x0000000730700000, 0x0000000730700000, 0x0000000730800000|  0%| F|  |TAMS 0x0000000730700000, 0x0000000730700000| Untracked 
| 232|0x0000000730800000, 0x0000000730800000, 0x0000000730900000|  0%| F|  |TAMS 0x0000000730800000, 0x0000000730800000| Untracked 
| 233|0x0000000730900000, 0x0000000730900000, 0x0000000730a00000|  0%| F|  |TAMS 0x0000000730900000, 0x0000000730900000| Untracked 
| 234|0x0000000730a00000, 0x0000000730a00000, 0x0000000730b00000|  0%| F|  |TAMS 0x0000000730a00000, 0x0000000730a00000| Untracked 
| 235|0x0000000730b00000, 0x0000000730b00000, 0x0000000730c00000|  0%| F|  |TAMS 0x0000000730b00000, 0x0000000730b00000| Untracked 
| 236|0x0000000730c00000, 0x0000000730c00000, 0x0000000730d00000|  0%| F|  |TAMS 0x0000000730c00000, 0x0000000730c00000| Untracked 
| 237|0x0000000730d00000, 0x0000000730d00000, 0x0000000730e00000|  0%| F|  |TAMS 0x0000000730d00000, 0x0000000730d00000| Untracked 
| 238|0x0000000730e00000, 0x0000000730f00000, 0x0000000730f00000|100%| S|CS|TAMS 0x0000000730e00000, 0x0000000730e00000| Complete 
| 239|0x0000000730f00000, 0x0000000731000000, 0x0000000731000000|100%| S|CS|TAMS 0x0000000730f00000, 0x0000000730f00000| Complete 
| 240|0x0000000731000000, 0x0000000731100000, 0x0000000731100000|100%| S|CS|TAMS 0x0000000731000000, 0x0000000731000000| Complete 
| 241|0x0000000731100000, 0x0000000731200000, 0x0000000731200000|100%| S|CS|TAMS 0x0000000731100000, 0x0000000731100000| Complete 
| 242|0x0000000731200000, 0x0000000731300000, 0x0000000731300000|100%| S|CS|TAMS 0x0000000731200000, 0x0000000731200000| Complete 
| 243|0x0000000731300000, 0x0000000731400000, 0x0000000731400000|100%| S|CS|TAMS 0x0000000731300000, 0x0000000731300000| Complete 
| 244|0x0000000731400000, 0x0000000731500000, 0x0000000731500000|100%| S|CS|TAMS 0x0000000731400000, 0x0000000731400000| Complete 
| 245|0x0000000731500000, 0x0000000731600000, 0x0000000731600000|100%| S|CS|TAMS 0x0000000731500000, 0x0000000731500000| Complete 
| 246|0x0000000731600000, 0x0000000731700000, 0x0000000731700000|100%| S|CS|TAMS 0x0000000731600000, 0x0000000731600000| Complete 
| 247|0x0000000731700000, 0x0000000731800000, 0x0000000731800000|100%| S|CS|TAMS 0x0000000731700000, 0x0000000731700000| Complete 
| 248|0x0000000731800000, 0x0000000731900000, 0x0000000731900000|100%| S|CS|TAMS 0x0000000731800000, 0x0000000731800000| Complete 
| 249|0x0000000731900000, 0x0000000731900000, 0x0000000731a00000|  0%| F|  |TAMS 0x0000000731900000, 0x0000000731900000| Untracked 
| 250|0x0000000731a00000, 0x0000000731a00000, 0x0000000731b00000|  0%| F|  |TAMS 0x0000000731a00000, 0x0000000731a00000| Untracked 
| 251|0x0000000731b00000, 0x0000000731b00000, 0x0000000731c00000|  0%| F|  |TAMS 0x0000000731b00000, 0x0000000731b00000| Untracked 
| 252|0x0000000731c00000, 0x0000000731c00000, 0x0000000731d00000|  0%| F|  |TAMS 0x0000000731c00000, 0x0000000731c00000| Untracked 
| 253|0x0000000731d00000, 0x0000000731d00000, 0x0000000731e00000|  0%| F|  |TAMS 0x0000000731d00000, 0x0000000731d00000| Untracked 
| 254|0x0000000731e00000, 0x0000000731e00000, 0x0000000731f00000|  0%| F|  |TAMS 0x0000000731e00000, 0x0000000731e00000| Untracked 
| 255|0x0000000731f00000, 0x0000000731f00000, 0x0000000732000000|  0%| F|  |TAMS 0x0000000731f00000, 0x0000000731f00000| Untracked 
| 256|0x0000000732000000, 0x0000000732000000, 0x0000000732100000|  0%| F|  |TAMS 0x0000000732000000, 0x0000000732000000| Untracked 
| 257|0x0000000732100000, 0x0000000732100000, 0x0000000732200000|  0%| F|  |TAMS 0x0000000732100000, 0x0000000732100000| Untracked 
| 258|0x0000000732200000, 0x0000000732200000, 0x0000000732300000|  0%| F|  |TAMS 0x0000000732200000, 0x0000000732200000| Untracked 
| 259|0x0000000732300000, 0x0000000732300000, 0x0000000732400000|  0%| F|  |TAMS 0x0000000732300000, 0x0000000732300000| Untracked 
| 260|0x0000000732400000, 0x0000000732400000, 0x0000000732500000|  0%| F|  |TAMS 0x0000000732400000, 0x0000000732400000| Untracked 
| 261|0x0000000732500000, 0x0000000732500000, 0x0000000732600000|  0%| F|  |TAMS 0x0000000732500000, 0x0000000732500000| Untracked 
| 262|0x0000000732600000, 0x0000000732600000, 0x0000000732700000|  0%| F|  |TAMS 0x0000000732600000, 0x0000000732600000| Untracked 
| 263|0x0000000732700000, 0x0000000732700000, 0x0000000732800000|  0%| F|  |TAMS 0x0000000732700000, 0x0000000732700000| Untracked 
| 264|0x0000000732800000, 0x0000000732800000, 0x0000000732900000|  0%| F|  |TAMS 0x0000000732800000, 0x0000000732800000| Untracked 
| 265|0x0000000732900000, 0x0000000732900000, 0x0000000732a00000|  0%| F|  |TAMS 0x0000000732900000, 0x0000000732900000| Untracked 
| 266|0x0000000732a00000, 0x0000000732a00000, 0x0000000732b00000|  0%| F|  |TAMS 0x0000000732a00000, 0x0000000732a00000| Untracked 
| 267|0x0000000732b00000, 0x0000000732b00000, 0x0000000732c00000|  0%| F|  |TAMS 0x0000000732b00000, 0x0000000732b00000| Untracked 
| 268|0x0000000732c00000, 0x0000000732c00000, 0x0000000732d00000|  0%| F|  |TAMS 0x0000000732c00000, 0x0000000732c00000| Untracked 
| 269|0x0000000732d00000, 0x0000000732d00000, 0x0000000732e00000|  0%| F|  |TAMS 0x0000000732d00000, 0x0000000732d00000| Untracked 
| 270|0x0000000732e00000, 0x0000000732e00000, 0x0000000732f00000|  0%| F|  |TAMS 0x0000000732e00000, 0x0000000732e00000| Untracked 
| 271|0x0000000732f00000, 0x0000000732f00000, 0x0000000733000000|  0%| F|  |TAMS 0x0000000732f00000, 0x0000000732f00000| Untracked 
| 272|0x0000000733000000, 0x0000000733000000, 0x0000000733100000|  0%| F|  |TAMS 0x0000000733000000, 0x0000000733000000| Untracked 
| 273|0x0000000733100000, 0x0000000733100000, 0x0000000733200000|  0%| F|  |TAMS 0x0000000733100000, 0x0000000733100000| Untracked 
| 274|0x0000000733200000, 0x0000000733200000, 0x0000000733300000|  0%| F|  |TAMS 0x0000000733200000, 0x0000000733200000| Untracked 
| 275|0x0000000733300000, 0x0000000733300000, 0x0000000733400000|  0%| F|  |TAMS 0x0000000733300000, 0x0000000733300000| Untracked 
| 276|0x0000000733400000, 0x0000000733400000, 0x0000000733500000|  0%| F|  |TAMS 0x0000000733400000, 0x0000000733400000| Untracked 
| 277|0x0000000733500000, 0x0000000733500000, 0x0000000733600000|  0%| F|  |TAMS 0x0000000733500000, 0x0000000733500000| Untracked 
| 278|0x0000000733600000, 0x0000000733600000, 0x0000000733700000|  0%| F|  |TAMS 0x0000000733600000, 0x0000000733600000| Untracked 
| 279|0x0000000733700000, 0x0000000733700000, 0x0000000733800000|  0%| F|  |TAMS 0x0000000733700000, 0x0000000733700000| Untracked 
| 280|0x0000000733800000, 0x0000000733800000, 0x0000000733900000|  0%| F|  |TAMS 0x0000000733800000, 0x0000000733800000| Untracked 
| 281|0x0000000733900000, 0x0000000733900000, 0x0000000733a00000|  0%| F|  |TAMS 0x0000000733900000, 0x0000000733900000| Untracked 
| 282|0x0000000733a00000, 0x0000000733a00000, 0x0000000733b00000|  0%| F|  |TAMS 0x0000000733a00000, 0x0000000733a00000| Untracked 
| 283|0x0000000733b00000, 0x0000000733b00000, 0x0000000733c00000|  0%| F|  |TAMS 0x0000000733b00000, 0x0000000733b00000| Untracked 
| 284|0x0000000733c00000, 0x0000000733c00000, 0x0000000733d00000|  0%| F|  |TAMS 0x0000000733c00000, 0x0000000733c00000| Untracked 
| 285|0x0000000733d00000, 0x0000000733d00000, 0x0000000733e00000|  0%| F|  |TAMS 0x0000000733d00000, 0x0000000733d00000| Untracked 
| 286|0x0000000733e00000, 0x0000000733e00000, 0x0000000733f00000|  0%| F|  |TAMS 0x0000000733e00000, 0x0000000733e00000| Untracked 
| 287|0x0000000733f00000, 0x0000000733f00000, 0x0000000734000000|  0%| F|  |TAMS 0x0000000733f00000, 0x0000000733f00000| Untracked 
| 288|0x0000000734000000, 0x0000000734000000, 0x0000000734100000|  0%| F|  |TAMS 0x0000000734000000, 0x0000000734000000| Untracked 
| 289|0x0000000734100000, 0x0000000734100000, 0x0000000734200000|  0%| F|  |TAMS 0x0000000734100000, 0x0000000734100000| Untracked 
| 290|0x0000000734200000, 0x0000000734200000, 0x0000000734300000|  0%| F|  |TAMS 0x0000000734200000, 0x0000000734200000| Untracked 
| 291|0x0000000734300000, 0x0000000734300000, 0x0000000734400000|  0%| F|  |TAMS 0x0000000734300000, 0x0000000734300000| Untracked 
| 292|0x0000000734400000, 0x0000000734400000, 0x0000000734500000|  0%| F|  |TAMS 0x0000000734400000, 0x0000000734400000| Untracked 
| 293|0x0000000734500000, 0x0000000734500000, 0x0000000734600000|  0%| F|  |TAMS 0x0000000734500000, 0x0000000734500000| Untracked 
| 294|0x0000000734600000, 0x0000000734600000, 0x0000000734700000|  0%| F|  |TAMS 0x0000000734600000, 0x0000000734600000| Untracked 
| 295|0x0000000734700000, 0x0000000734700000, 0x0000000734800000|  0%| F|  |TAMS 0x0000000734700000, 0x0000000734700000| Untracked 
| 296|0x0000000734800000, 0x0000000734800000, 0x0000000734900000|  0%| F|  |TAMS 0x0000000734800000, 0x0000000734800000| Untracked 
| 297|0x0000000734900000, 0x0000000734900000, 0x0000000734a00000|  0%| F|  |TAMS 0x0000000734900000, 0x0000000734900000| Untracked 
| 298|0x0000000734a00000, 0x0000000734a00000, 0x0000000734b00000|  0%| F|  |TAMS 0x0000000734a00000, 0x0000000734a00000| Untracked 
| 299|0x0000000734b00000, 0x0000000734b00000, 0x0000000734c00000|  0%| F|  |TAMS 0x0000000734b00000, 0x0000000734b00000| Untracked 
| 300|0x0000000734c00000, 0x0000000734c00000, 0x0000000734d00000|  0%| F|  |TAMS 0x0000000734c00000, 0x0000000734c00000| Untracked 
| 301|0x0000000734d00000, 0x0000000734d00000, 0x0000000734e00000|  0%| F|  |TAMS 0x0000000734d00000, 0x0000000734d00000| Untracked 
| 302|0x0000000734e00000, 0x0000000734e00000, 0x0000000734f00000|  0%| F|  |TAMS 0x0000000734e00000, 0x0000000734e00000| Untracked 
| 303|0x0000000734f00000, 0x0000000734f00000, 0x0000000735000000|  0%| F|  |TAMS 0x0000000734f00000, 0x0000000734f00000| Untracked 
| 304|0x0000000735000000, 0x0000000735000000, 0x0000000735100000|  0%| F|  |TAMS 0x0000000735000000, 0x0000000735000000| Untracked 
| 305|0x0000000735100000, 0x0000000735100000, 0x0000000735200000|  0%| F|  |TAMS 0x0000000735100000, 0x0000000735100000| Untracked 
| 306|0x0000000735200000, 0x0000000735200000, 0x0000000735300000|  0%| F|  |TAMS 0x0000000735200000, 0x0000000735200000| Untracked 
| 307|0x0000000735300000, 0x0000000735300000, 0x0000000735400000|  0%| F|  |TAMS 0x0000000735300000, 0x0000000735300000| Untracked 
| 308|0x0000000735400000, 0x0000000735400000, 0x0000000735500000|  0%| F|  |TAMS 0x0000000735400000, 0x0000000735400000| Untracked 
| 309|0x0000000735500000, 0x0000000735500000, 0x0000000735600000|  0%| F|  |TAMS 0x0000000735500000, 0x0000000735500000| Untracked 
| 310|0x0000000735600000, 0x0000000735600000, 0x0000000735700000|  0%| F|  |TAMS 0x0000000735600000, 0x0000000735600000| Untracked 
| 311|0x0000000735700000, 0x0000000735700000, 0x0000000735800000|  0%| F|  |TAMS 0x0000000735700000, 0x0000000735700000| Untracked 
| 312|0x0000000735800000, 0x0000000735800000, 0x0000000735900000|  0%| F|  |TAMS 0x0000000735800000, 0x0000000735800000| Untracked 
| 313|0x0000000735900000, 0x0000000735900000, 0x0000000735a00000|  0%| F|  |TAMS 0x0000000735900000, 0x0000000735900000| Untracked 
| 314|0x0000000735a00000, 0x0000000735a00000, 0x0000000735b00000|  0%| F|  |TAMS 0x0000000735a00000, 0x0000000735a00000| Untracked 
| 315|0x0000000735b00000, 0x0000000735b00000, 0x0000000735c00000|  0%| F|  |TAMS 0x0000000735b00000, 0x0000000735b00000| Untracked 
| 316|0x0000000735c00000, 0x0000000735c00000, 0x0000000735d00000|  0%| F|  |TAMS 0x0000000735c00000, 0x0000000735c00000| Untracked 
| 317|0x0000000735d00000, 0x0000000735d00000, 0x0000000735e00000|  0%| F|  |TAMS 0x0000000735d00000, 0x0000000735d00000| Untracked 
| 318|0x0000000735e00000, 0x0000000735e00000, 0x0000000735f00000|  0%| F|  |TAMS 0x0000000735e00000, 0x0000000735e00000| Untracked 
| 319|0x0000000735f00000, 0x0000000735f00000, 0x0000000736000000|  0%| F|  |TAMS 0x0000000735f00000, 0x0000000735f00000| Untracked 
| 320|0x0000000736000000, 0x0000000736000000, 0x0000000736100000|  0%| F|  |TAMS 0x0000000736000000, 0x0000000736000000| Untracked 
| 321|0x0000000736100000, 0x0000000736100000, 0x0000000736200000|  0%| F|  |TAMS 0x0000000736100000, 0x0000000736100000| Untracked 
| 322|0x0000000736200000, 0x0000000736200000, 0x0000000736300000|  0%| F|  |TAMS 0x0000000736200000, 0x0000000736200000| Untracked 
| 323|0x0000000736300000, 0x0000000736300000, 0x0000000736400000|  0%| F|  |TAMS 0x0000000736300000, 0x0000000736300000| Untracked 
| 324|0x0000000736400000, 0x0000000736400000, 0x0000000736500000|  0%| F|  |TAMS 0x0000000736400000, 0x0000000736400000| Untracked 
| 325|0x0000000736500000, 0x0000000736500000, 0x0000000736600000|  0%| F|  |TAMS 0x0000000736500000, 0x0000000736500000| Untracked 
| 326|0x0000000736600000, 0x0000000736600000, 0x0000000736700000|  0%| F|  |TAMS 0x0000000736600000, 0x0000000736600000| Untracked 
| 327|0x0000000736700000, 0x0000000736700000, 0x0000000736800000|  0%| F|  |TAMS 0x0000000736700000, 0x0000000736700000| Untracked 
| 328|0x0000000736800000, 0x0000000736800000, 0x0000000736900000|  0%| F|  |TAMS 0x0000000736800000, 0x0000000736800000| Untracked 
| 329|0x0000000736900000, 0x0000000736900000, 0x0000000736a00000|  0%| F|  |TAMS 0x0000000736900000, 0x0000000736900000| Untracked 
| 330|0x0000000736a00000, 0x0000000736a00000, 0x0000000736b00000|  0%| F|  |TAMS 0x0000000736a00000, 0x0000000736a00000| Untracked 
| 331|0x0000000736b00000, 0x0000000736b00000, 0x0000000736c00000|  0%| F|  |TAMS 0x0000000736b00000, 0x0000000736b00000| Untracked 
| 332|0x0000000736c00000, 0x0000000736c00000, 0x0000000736d00000|  0%| F|  |TAMS 0x0000000736c00000, 0x0000000736c00000| Untracked 
| 333|0x0000000736d00000, 0x0000000736d00000, 0x0000000736e00000|  0%| F|  |TAMS 0x0000000736d00000, 0x0000000736d00000| Untracked 
| 334|0x0000000736e00000, 0x0000000736e00000, 0x0000000736f00000|  0%| F|  |TAMS 0x0000000736e00000, 0x0000000736e00000| Untracked 

Card table byte_map: [0x000001daa7520000,0x000001daa7c10000] _byte_map_base: 0x000001daa3c10000

Marking Bits (Prev, Next): (CMBitMap*) 0x000001da9373e188, (CMBitMap*) 0x000001da9373e1c0
 Prev Bits: [0x000001daa8300000, 0x000001daaba80000)
 Next Bits: [0x000001daaba80000, 0x000001daaf200000)

Polling page: 0x000001da92ec0000

Metaspace:

Usage:
  Non-class:      4.18 MB capacity,     1.17 MB ( 28%) used,     3.01 MB ( 72%) free+waste,     2.50 KB ( <1%) overhead. 
      Class:    413.00 KB capacity,   105.25 KB ( 25%) used,   306.19 KB ( 74%) free+waste,     1.56 KB ( <1%) overhead. 
       Both:      4.58 MB capacity,     1.27 MB ( 28%) used,     3.31 MB ( 72%) free+waste,     4.06 KB ( <1%) overhead. 

Virtual space:
  Non-class space:        8.00 MB reserved,       4.25 MB ( 53%) committed 
      Class space:        1.00 GB reserved,     512.00 KB ( <1%) committed 
             Both:        1.01 GB reserved,       4.75 MB ( <1%) committed 

Chunk freelists:
   Non-Class:  9.00 KB
       Class:  0 bytes
        Both:  9.00 KB

CodeHeap 'non-profiled nmethods': size=119168Kb used=299Kb max_used=299Kb free=118868Kb
 bounds [0x000001da9f140000, 0x000001da9f3b0000, 0x000001daa65a0000]
CodeHeap 'profiled nmethods': size=119168Kb used=1181Kb max_used=1181Kb free=117986Kb
 bounds [0x000001da97ce0000, 0x000001da97f50000, 0x000001da9f140000]
CodeHeap 'non-nmethods': size=7424Kb used=2198Kb max_used=2234Kb free=5225Kb
 bounds [0x000001da975a0000, 0x000001da97810000, 0x000001da97ce0000]
 total_blobs=1004 nmethods=454 adapters=269
 compilation: enabled
              stopped_count=0, restarted_count=0
 full_count=0

Compilation events (10 events):
Event: 1.614 Thread 0x000001dab2ceb800 nmethod 452 0x000001da97e01390 code [0x000001da97e015a0, 0x000001da97e01c90]
Event: 1.614 Thread 0x000001dab2ceb800  453       3       java.nio.Buffer::discardMark (6 bytes)
Event: 1.614 Thread 0x000001dab2ceb800 nmethod 453 0x000001da97e01e90 code [0x000001da97e02040, 0x000001da97e021b8]
Event: 1.614 Thread 0x000001dab2ba0800 nmethod 451 0x000001da97e02290 code [0x000001da97e025a0, 0x000001da97e03510]
Event: 1.614 Thread 0x000001dab2cf7800 nmethod 450 0x000001da97e03d10 code [0x000001da97e04040, 0x000001da97e05550]
Event: 1.615 Thread 0x000001dab2ceb800  454       3       java.io.BufferedReader::fill (170 bytes)
Event: 1.615 Thread 0x000001dab2ceb800 nmethod 454 0x000001da97e05c90 code [0x000001da97e05ea0, 0x000001da97e065f0]
Event: 1.694 Thread 0x000001dab2fff800 nmethod 437 0x000001da9f186110 code [0x000001da9f186400, 0x000001da9f1895a0]
Event: 1.717 Thread 0x000001dab2ba0800  455  s    3       java.lang.StringBuffer::toString (59 bytes)
Event: 1.717 Thread 0x000001dab2ba0800 nmethod 455 0x000001da97e06790 code [0x000001da97e069c0, 0x000001da97e07380]

GC Heap History (10 events):
Event: 1.279 GC heap after
{Heap after GC invocations=4 (full 0):
 garbage-first heap   total 227328K, used 29201K [0x0000000722000000, 0x0000000800000000)
  region size 1024K, 2 young (2048K), 2 survivors (2048K)
 Metaspace       used 1283K, capacity 4692K, committed 4864K, reserved 1056768K
  class space    used 105K, capacity 413K, committed 512K, reserved 1048576K
}
Event: 1.412 GC heap before
{Heap before GC invocations=4 (full 0):
 garbage-first heap   total 227328K, used 82449K [0x0000000722000000, 0x0000000800000000)
  region size 1024K, 50 young (51200K), 2 survivors (2048K)
 Metaspace       used 1283K, capacity 4692K, committed 4864K, reserved 1056768K
  class space    used 105K, capacity 413K, committed 512K, reserved 1048576K
}
Event: 1.537 GC heap after
{Heap after GC invocations=5 (full 0):
 garbage-first heap   total 343040K, used 40293K [0x0000000722000000, 0x0000000800000000)
  region size 1024K, 7 young (7168K), 7 survivors (7168K)
 Metaspace       used 1283K, capacity 4692K, committed 4864K, reserved 1056768K
  class space    used 105K, capacity 413K, committed 512K, reserved 1048576K
}
Event: 1.634 GC heap before
{Heap before GC invocations=5 (full 0):
 garbage-first heap   total 343040K, used 81253K [0x0000000722000000, 0x0000000800000000)
  region size 1024K, 43 young (44032K), 7 survivors (7168K)
 Metaspace       used 1297K, capacity 4692K, committed 4864K, reserved 1056768K
  class space    used 105K, capacity 413K, committed 512K, reserved 1048576K
}
Event: 1.690 GC heap after
{Heap after GC invocations=6 (full 0):
 garbage-first heap   total 343040K, used 50829K [0x0000000722000000, 0x0000000800000000)
  region size 1024K, 6 young (6144K), 6 survivors (6144K)
 Metaspace       used 1297K, capacity 4692K, committed 4864K, reserved 1056768K
  class space    used 105K, capacity 413K, committed 512K, reserved 1048576K
}
Event: 1.792 GC heap before
{Heap before GC invocations=6 (full 0):
 garbage-first heap   total 343040K, used 95885K [0x0000000722000000, 0x0000000800000000)
  region size 1024K, 50 young (51200K), 6 survivors (6144K)
 Metaspace       used 1298K, capacity 4692K, committed 4864K, reserved 1056768K
  class space    used 105K, capacity 413K, committed 512K, reserved 1048576K
}
Event: 1.823 GC heap after
{Heap after GC invocations=7 (full 0):
 garbage-first heap   total 343040K, used 58311K [0x0000000722000000, 0x0000000800000000)
  region size 1024K, 7 young (7168K), 7 survivors (7168K)
 Metaspace       used 1298K, capacity 4692K, committed 4864K, reserved 1056768K
  class space    used 105K, capacity 413K, committed 512K, reserved 1048576K
}
Event: 1.926 GC heap before
{Heap before GC invocations=7 (full 0):
 garbage-first heap   total 343040K, used 119751K [0x0000000722000000, 0x0000000800000000)
  region size 1024K, 61 young (62464K), 7 survivors (7168K)
 Metaspace       used 1298K, capacity 4692K, committed 4864K, reserved 1056768K
  class space    used 105K, capacity 413K, committed 512K, reserved 1048576K
}
Event: 1.942 GC heap after
{Heap after GC invocations=8 (full 0):
 garbage-first heap   total 343040K, used 72704K [0x0000000722000000, 0x0000000800000000)
  region size 1024K, 8 young (8192K), 8 survivors (8192K)
 Metaspace       used 1298K, capacity 4692K, committed 4864K, reserved 1056768K
  class space    used 105K, capacity 413K, committed 512K, reserved 1048576K
}
Event: 2.128 GC heap before
{Heap before GC invocations=8 (full 0):
 garbage-first heap   total 343040K, used 159744K [0x0000000722000000, 0x0000000800000000)
  region size 1024K, 86 young (88064K), 8 survivors (8192K)
 Metaspace       used 1298K, capacity 4692K, committed 4864K, reserved 1056768K
  class space    used 105K, capacity 413K, committed 512K, reserved 1048576K
}

Deoptimization events (10 events):
Event: 1.196 Thread 0x000001dab2b9a000 DEOPT PACKING pc=0x000001da9f15d928 sp=0x00000072d53fec00
Event: 1.196 Thread 0x000001dab2b9a000 DEOPT UNPACKING pc=0x000001da975c92af sp=0x00000072d53feb68 mode 2
Event: 1.233 Thread 0x000001da936e4800 Uncommon trap: trap_request=0xffffff4d fr.pc=0x000001da9f170c68 relative=0x0000000000002a88
Event: 1.233 Thread 0x000001da936e4800 Uncommon trap: reason=unstable_if action=reinterpret pc=0x000001da9f170c68 method=ustc.nodb.cluster.EdgeStreamCluster.combineCluster(II)V @ 319 c2
Event: 1.233 Thread 0x000001da936e4800 DEOPT PACKING pc=0x000001da9f170c68 sp=0x00000072d49fefd0
Event: 1.233 Thread 0x000001da936e4800 DEOPT UNPACKING pc=0x000001da975c92af sp=0x00000072d49fefa8 mode 2
Event: 1.260 Thread 0x000001da936e4800 Uncommon trap: trap_request=0xffffffcc fr.pc=0x000001da9f1787b0 relative=0x0000000000002330
Event: 1.260 Thread 0x000001da936e4800 Uncommon trap: reason=intrinsic_or_type_checked_inlining action=make_not_entrant pc=0x000001da9f1787b0 method=java.util.ArrayList$SubList.toArray([Ljava/lang/Object;)[Ljava/lang/Object; @ 58 c2
Event: 1.260 Thread 0x000001da936e4800 DEOPT PACKING pc=0x000001da9f1787b0 sp=0x00000072d49fefb0
Event: 1.260 Thread 0x000001da936e4800 DEOPT UNPACKING pc=0x000001da975c92af sp=0x00000072d49fee10 mode 2

Classes redefined (0 events):
No events

Internal exceptions (0 events):
No events

Events (10 events):
Event: 1.398 Executing VM operation: G1CollectForAllocation
Event: 1.537 Executing VM operation: G1CollectForAllocation done
Event: 1.634 Executing VM operation: G1CollectForAllocation
Event: 1.690 Executing VM operation: G1CollectForAllocation done
Event: 1.717 Thread 0x000001dab2f2b800 Thread exited: 0x000001dab2f2b800
Event: 1.791 Executing VM operation: G1CollectForAllocation
Event: 1.823 Executing VM operation: G1CollectForAllocation done
Event: 1.926 Executing VM operation: G1CollectForAllocation
Event: 1.942 Executing VM operation: G1CollectForAllocation done
Event: 2.094 Executing VM operation: G1CollectForAllocation


Dynamic libraries:
0x00007ff775a90000 - 0x00007ff775ad7000 	D:\IntelliJ IDEA 2019.2.4\jbr\bin\java.exe
0x00007ffbb9830000 - 0x00007ffbb9a28000 	C:\Windows\SYSTEM32\ntdll.dll
0x00007ffbb87f0000 - 0x00007ffbb88ad000 	C:\Windows\System32\KERNEL32.DLL
0x00007ffbb6f90000 - 0x00007ffbb7286000 	C:\Windows\System32\KERNELBASE.dll
0x00007ffbb88b0000 - 0x00007ffbb8a4e000 	C:\Windows\System32\USER32.dll
0x00007ffbb7290000 - 0x00007ffbb72b2000 	C:\Windows\System32\win32u.dll
0x00007ffbb97c0000 - 0x00007ffbb97eb000 	C:\Windows\System32\GDI32.dll
0x00007ffbb73f0000 - 0x00007ffbb7507000 	C:\Windows\System32\gdi32full.dll
0x00007ffbb77c0000 - 0x00007ffbb785d000 	C:\Windows\System32\msvcp_win.dll
0x00007ffbb7670000 - 0x00007ffbb7770000 	C:\Windows\System32\ucrtbase.dll
0x00007ffbb6340000 - 0x00007ffbb65da000 	C:\Windows\WinSxS\amd64_microsoft.windows.common-controls_6595b64144ccf1df_6.0.19041.3636_none_60b6a03d71f818d5\COMCTL32.dll
0x00007ffbb7860000 - 0x00007ffbb78fe000 	C:\Windows\System32\msvcrt.dll
0x00007ffbb8d30000 - 0x00007ffbb8d62000 	C:\Windows\System32\IMM32.DLL
0x00007ffbaea50000 - 0x00007ffbaea67000 	D:\IntelliJ IDEA 2019.2.4\jbr\bin\vcruntime140.dll
0x00007ffb868a0000 - 0x00007ffb8693d000 	D:\IntelliJ IDEA 2019.2.4\jbr\bin\msvcp140.dll
0x00007ffb4ea50000 - 0x00007ffb4f508000 	D:\IntelliJ IDEA 2019.2.4\jbr\bin\server\jvm.dll
0x00007ffbb7d20000 - 0x00007ffbb7dd0000 	C:\Windows\System32\ADVAPI32.dll
0x00007ffbb8e60000 - 0x00007ffbb8f00000 	C:\Windows\System32\sechost.dll
0x00007ffbb8a50000 - 0x00007ffbb8b75000 	C:\Windows\System32\RPCRT4.dll
0x00007ffbb73c0000 - 0x00007ffbb73e7000 	C:\Windows\System32\bcrypt.dll
0x00007ffbb8cc0000 - 0x00007ffbb8cc8000 	C:\Windows\System32\PSAPI.DLL
0x00007ffbaeaa0000 - 0x00007ffbaeaa9000 	C:\Windows\SYSTEM32\WSOCK32.dll
0x00007ffbadbd0000 - 0x00007ffbadbf7000 	C:\Windows\SYSTEM32\WINMM.dll
0x00007ffbadc00000 - 0x00007ffbadc0a000 	C:\Windows\SYSTEM32\VERSION.dll
0x00007ffbb8f20000 - 0x00007ffbb8f8b000 	C:\Windows\System32\WS2_32.dll
0x00007ffbb5070000 - 0x00007ffbb5082000 	C:\Windows\SYSTEM32\kernel.appcore.dll
0x00007ffba8950000 - 0x00007ffba8961000 	D:\IntelliJ IDEA 2019.2.4\jbr\bin\verify.dll
0x00007ffbb67f0000 - 0x00007ffbb69d4000 	C:\Windows\SYSTEM32\DBGHELP.DLL
0x00007ffbb67b0000 - 0x00007ffbb67e4000 	C:\Windows\SYSTEM32\dbgcore.DLL
0x00007ffbb7330000 - 0x00007ffbb73b2000 	C:\Windows\System32\bcryptPrimitives.dll
0x00007ffba8920000 - 0x00007ffba8949000 	D:\IntelliJ IDEA 2019.2.4\jbr\bin\java.dll
0x00007ffba88e0000 - 0x00007ffba8914000 	D:\IntelliJ IDEA 2019.2.4\jbr\bin\instrument.dll
0x00007ffba88a0000 - 0x00007ffba88b7000 	D:\IntelliJ IDEA 2019.2.4\jbr\bin\zip.dll
0x00007ffbb69e0000 - 0x00007ffbb69eb000 	D:\IntelliJ IDEA 2019.2.4\jbr\bin\jimage.dll
0x00007ffbb8f90000 - 0x00007ffbb96fb000 	C:\Windows\System32\SHELL32.dll
0x00007ffbb47e0000 - 0x00007ffbb4f7e000 	C:\Windows\SYSTEM32\windows.storage.dll
0x00007ffbb7e80000 - 0x00007ffbb81d3000 	C:\Windows\System32\combase.dll
0x00007ffbb6070000 - 0x00007ffbb609e000 	C:\Windows\SYSTEM32\Wldp.dll
0x00007ffbb7b30000 - 0x00007ffbb7bfd000 	C:\Windows\System32\OLEAUT32.dll
0x00007ffbb7dd0000 - 0x00007ffbb7e7d000 	C:\Windows\System32\SHCORE.dll
0x00007ffbb8790000 - 0x00007ffbb87e5000 	C:\Windows\System32\shlwapi.dll
0x00007ffbb6e10000 - 0x00007ffbb6e35000 	C:\Windows\SYSTEM32\profapi.dll
0x00007ffb9e150000 - 0x00007ffb9e16a000 	D:\IntelliJ IDEA 2019.2.4\jbr\bin\net.dll
0x00007ffbaa1f0000 - 0x00007ffbaa3dc000 	C:\Windows\SYSTEM32\urlmon.dll
0x00007ffbb1090000 - 0x00007ffbb119a000 	C:\Windows\SYSTEM32\WINHTTP.dll
0x00007ffba9230000 - 0x00007ffba94ec000 	C:\Windows\SYSTEM32\iertutil.dll
0x00007ffba94f0000 - 0x00007ffba9518000 	C:\Windows\SYSTEM32\srvcli.dll
0x00007ffbb5cf0000 - 0x00007ffbb5cfc000 	C:\Windows\SYSTEM32\netutils.dll
0x00007ffbb5ee0000 - 0x00007ffbb5f4a000 	C:\Windows\system32\mswsock.dll
0x00007ffb9a470000 - 0x00007ffb9a484000 	D:\IntelliJ IDEA 2019.2.4\jbr\bin\nio.dll
0x00007ffbacf70000 - 0x00007ffbacf8a000 	D:\IntelliJ IDEA 2019.2.4\bin\breakgen64.dll

dbghelp: loaded successfully - version: 4.0.5 - missing functions: none
symbol engine: initialized successfully - sym options: 0x614 - pdb path: .;D:\IntelliJ IDEA 2019.2.4\jbr\bin;C:\Windows\SYSTEM32;C:\Windows\WinSxS\amd64_microsoft.windows.common-controls_6595b64144ccf1df_6.0.19041.3636_none_60b6a03d71f818d5;D:\IntelliJ IDEA 2019.2.4\jbr\bin\server;D:\IntelliJ IDEA 2019.2.4\bin

VM Arguments:
jvm_args: -javaagent:D:\IntelliJ IDEA 2019.2.4\lib\idea_rt.jar=50093:D:\IntelliJ IDEA 2019.2.4\bin -Dfile.encoding=UTF-8 
java_command: ustc.nodb.main.CLUGPOptMain
java_class_path (initial): D:\360MoveData\Users\GuoRii\Desktop\论文阅读\YASEP-main\target\classes;C:\Users\GuoRii\.m2\repository\com\google\guava\guava\30.0-jre\guava-30.0-jre.jar;C:\Users\GuoRii\.m2\repository\com\google\guava\failureaccess\1.0.1\failureaccess-1.0.1.jar;C:\Users\GuoRii\.m2\repository\com\google\guava\listenablefuture\9999.0-empty-to-avoid-conflict-with-guava\listenablefuture-9999.0-empty-to-avoid-conflict-with-guava.jar;C:\Users\GuoRii\.m2\repository\com\google\code\findbugs\jsr305\3.0.2\jsr305-3.0.2.jar;C:\Users\GuoRii\.m2\repository\org\checkerframework\checker-qual\3.5.0\checker-qual-3.5.0.jar;C:\Users\GuoRii\.m2\repository\com\google\errorprone\error_prone_annotations\2.3.4\error_prone_annotations-2.3.4.jar;C:\Users\GuoRii\.m2\repository\com\google\j2objc\j2objc-annotations\1.3\j2objc-annotations-1.3.jar;C:\Users\GuoRii\.m2\repository\org\javatuples\javatuples\1.2\javatuples-1.2.jar
Launcher Type: SUN_STANDARD

[Global flags]
     intx CICompilerCount                          = 12                                        {product} {ergonomic}
     uint ConcGCThreads                            = 3                                         {product} {ergonomic}
     uint G1ConcRefinementThreads                  = 13                                        {product} {ergonomic}
   size_t G1HeapRegionSize                         = 1048576                                   {product} {ergonomic}
    uintx GCDrainStackTargetSize                   = 64                                        {product} {ergonomic}
   size_t InitialHeapSize                          = 232783872                                 {product} {ergonomic}
   size_t MarkStackSize                            = 4194304                                   {product} {ergonomic}
   size_t MaxHeapSize                              = 3724541952                                {product} {ergonomic}
   size_t MaxNewSize                               = 2234515456                                {product} {ergonomic}
   size_t MinHeapDeltaBytes                        = 1048576                                   {product} {ergonomic}
    uintx NonNMethodCodeHeapSize                   = 7591728                                {pd product} {ergonomic}
    uintx NonProfiledCodeHeapSize                  = 122033256                              {pd product} {ergonomic}
    uintx ProfiledCodeHeapSize                     = 122033256                              {pd product} {ergonomic}
    uintx ReservedCodeCacheSize                    = 251658240                              {pd product} {ergonomic}
     bool SegmentedCodeCache                       = true                                      {product} {ergonomic}
     bool UseCompressedClassPointers               = true                                 {lp64_product} {ergonomic}
     bool UseCompressedOops                        = true                                 {lp64_product} {ergonomic}
     bool UseG1GC                                  = true                                      {product} {ergonomic}
     bool UseLargePagesIndividualAllocation        = false                                  {pd product} {ergonomic}

Logging:
Log output configuration:
 #0: stdout all=warning uptime,level,tags
 #1: stderr all=off uptime,level,tags

Environment Variables:
JAVA_HOME=C:\Program Files\Java\jdk-11
CLASSPATH=.;C:\Program Files\Java\jdk-11\lib\dt.jar;C:\Program Files\Java\jdk-11\lib\tools.jar;
PATH=C:\Program Files (x86)\Common Files\Intel\Shared Libraries\redist\intel64_win\compiler;C:\Program Files (x86)\Common Files\Intel\Shared Libraries\redist\intel64\compiler;C:\Program Files\VanDyke Software\Clients\;C:\Windows\system32;C:\Windows;C:\Windows\System32\Wbem;C:\Windows\System32\WindowsPowerShell\v1.0\;C:\Windows\System32\OpenSSH\;C:\Program Files\Git\cmd;C:\Program Files\PuTTY\;C:\Program Files\nodejs\;C:\Program Files\Microsoft SQL Server\120\Tools\Binn\;C:\Program Files\Microsoft SQL Server\110\Tools\Binn\;C:\Program Files (x86)\Tencent\微信web开发者工具\dll;C:\Users\GuoRii\.mujoco\mujoco210\bin;D:\texlive\2023\bin\windows;D:\anaconda;C:\Users\GuoRii\AppData\Local\Microsoft\WindowsApps;C:\Program Files\Java\jdk-11\bin;C:\Users\GuoRii\AppData\Roaming\npm;C:\Users\GuoRii\AppData\Local\Programs\Microsoft VS Code\bin;D:\flutter\bin;D:\PyCharm 2020.1\bin;D:\anaconda\Scripts;D:\anaconda\Library\bin;C:\texlive\2023\bin\windows;C:\Users\GuoRii\AppData\Local\Programs\Fiddler;C:\Program Files\MongoDB\Server\5.0\bin;C:\Users\GuoRii\.mujoco\mjpro150\bin;C:\Users\GuoRii\.mujoco\mjpro150
USERNAME=GuoRii
OS=Windows_NT
PROCESSOR_IDENTIFIER=AMD64 Family 25 Model 80 Stepping 0, AuthenticAMD



---------------  S Y S T E M  ---------------

OS: Windows 10 , 64 bit Build 19041 (10.0.19041.3636)

CPU:total 16 (initial active 16) (16 cores per cpu, 2 threads per core) family 25 model 80 stepping 0, cmov, cx8, fxsr, mmx, sse, sse2, sse3, ssse3, sse4.1, sse4.2, popcnt, avx, avx2, aes, clmul, erms, mmxext, 3dnowpref, lzcnt, sse4a, ht, tsc, tscinvbit, tscinv, bmi1, bmi2, adx, sha, fma

Memory: 4k page, system-wide physical 14204M (674M free)
TotalPageFile size 19580M (AvailPageFile size 471M)
current process WorkingSet (physical memory assigned to process): 342M, peak: 345M
current process commit charge ("private bytes"): 467M, peak: 1012M

vm_info: OpenJDK 64-Bit Server VM (11.0.4+10-b304.77) for windows-amd64 JRE (11.0.4+10-b304.77), built on Oct 10 2019 15:02:36 by "" with MS VC++ 14.0 (VS2015)

END.
